Start testing: May 20 08:07 +0330
----------------------------------------------------------
1/4 Testing: sattyre-sat-parser-test
1/4 Test: sattyre-sat-parser-test
Command: "/home/chubakpdp11/sattyre/build/stage4-loader/sattyre-sat-parser-test"
Directory: /home/chubakpdp11/sattyre/build/stage4-loader
"sattyre-sat-parser-test" start time: May 20 08:07 +0330
Output:
----------------------------------------------------------
[info] Parsing DIMACS file: /tmp/sattyre-ok.cnf
[info] Parsing DIMACS file: /tmp/sattyre-comments-blank.cnf
[info] Parsing DIMACS file: /tmp/sattyre-missing-zero.cnf
[info] Parsing DIMACS file: /tmp/sattyre-out-of-range.cnf
[info] Parsing DIMACS file: /tmp/sattyre-bad-count.cnf
[info] Parsing DIMACS file: /tmp/sattyre-clause-before-header.cnf
SAT parser tests passed
<end of output>
Test time =   0.00 sec
----------------------------------------------------------
Test Passed.
"sattyre-sat-parser-test" end time: May 20 08:07 +0330
"sattyre-sat-parser-test" time elapsed: 00:00:00
----------------------------------------------------------

2/4 Testing: sattyre-solver-abi-test
2/4 Test: sattyre-solver-abi-test
Command: "/home/chubakpdp11/sattyre/build/stage4-loader/sattyre-solver-abi-test"
Directory: /home/chubakpdp11/sattyre/build/stage4-loader
"sattyre-solver-abi-test" start time: May 20 08:07 +0330
Output:
----------------------------------------------------------
Solver ABI compatibility tests passed
<end of output>
Test time =   0.00 sec
----------------------------------------------------------
Test Passed.
"sattyre-solver-abi-test" end time: May 20 08:07 +0330
"sattyre-solver-abi-test" time elapsed: 00:00:00
----------------------------------------------------------

3/4 Testing: sattyre-module-abi-test
3/4 Test: sattyre-module-abi-test
Command: "/home/chubakpdp11/sattyre/build/stage4-loader/sattyre-module-abi-test"
Directory: /home/chubakpdp11/sattyre/build/stage4-loader
"sattyre-module-abi-test" start time: May 20 08:07 +0330
Output:
----------------------------------------------------------
Module ABI compatibility tests passed
<end of output>
Test time =   0.00 sec
----------------------------------------------------------
Test Passed.
"sattyre-module-abi-test" end time: May 20 08:07 +0330
"sattyre-module-abi-test" time elapsed: 00:00:00
----------------------------------------------------------

4/4 Testing: sattyre-module-cpp-abi-test
4/4 Test: sattyre-module-cpp-abi-test
Command: "/home/chubakpdp11/sattyre/build/stage4-loader/sattyre-module-cpp-abi-test"
Directory: /home/chubakpdp11/sattyre/build/stage4-loader
"sattyre-module-cpp-abi-test" start time: May 20 08:07 +0330
Output:
----------------------------------------------------------
C++ module ABI compatibility tests passed
<end of output>
Test time =   0.00 sec
----------------------------------------------------------
Test Passed.
"sattyre-module-cpp-abi-test" end time: May 20 08:07 +0330
"sattyre-module-cpp-abi-test" time elapsed: 00:00:00
----------------------------------------------------------

End testing: May 20 08:07 +0330
