Start testing: May 19 16:05 +0330
----------------------------------------------------------
1/1 Testing: sattyre-sat-parser-test
1/1 Test: sattyre-sat-parser-test
Command: "/home/chubakpdp11/sattyre/build/stage2b/sattyre-sat-parser-test"
Directory: /home/chubakpdp11/sattyre/build/stage2b
"sattyre-sat-parser-test" start time: May 19 16:05 +0330
Output:
----------------------------------------------------------
[info] Parsing DIMACS file: /tmp/sattyre-ok.cnf
[info] Parsing DIMACS file: /tmp/sattyre-comments-blank.cnf
[info] Parsing DIMACS file: /tmp/sattyre-missing-zero.cnf
[info] Parsing DIMACS file: /tmp/sattyre-out-of-range.cnf
[info] Parsing DIMACS file: /tmp/sattyre-bad-count.cnf
[info] Parsing DIMACS file: /tmp/sattyre-clause-before-header.cnf
SAT parser tests passed
<end of output>
Test time =   0.00 sec
----------------------------------------------------------
Test Passed.
"sattyre-sat-parser-test" end time: May 19 16:05 +0330
"sattyre-sat-parser-test" time elapsed: 00:00:00
----------------------------------------------------------

End testing: May 19 16:05 +0330
